<?xml version="1.0" encoding="UTF-8"?>
<!-- Generated by org.testng.reporters.JUnitReportReporter -->
<testsuite skipped="0" hostname="Rajs-MacBook-Pro-2.local" name="com.rajhaldar.HeadlessTest" tests="1" failures="0" timestamp="20 Sep 2018 17:14:09 GMT" time="90.986" errors="0">
  <testcase name="headlessTestValidation" time="90.986" classname="com.rajhaldar.HeadlessTest"/>
</testsuite> <!-- com.rajhaldar.HeadlessTest -->
