<?xml version="1.0" encoding="UTF-8"?>
<!-- Generated by org.testng.reporters.JUnitReportReporter -->
<testsuite skipped="0" hostname="Rajs-MacBook-Pro-2.local" name="com.rajhaldar.RestAssuredFrameworkTest" tests="1" failures="0" timestamp="19 Sep 2018 16:46:22 GMT" time="1.957" errors="0">
  <testcase name="testGet" time="1.957" classname="com.rajhaldar.RestAssuredFrameworkTest"/>
</testsuite> <!-- com.rajhaldar.RestAssuredFrameworkTest -->
