<?xml version="1.0" encoding="UTF-8"?>
<!-- Generated by org.testng.reporters.JUnitReportReporter -->
<testsuite skipped="0" hostname="Rajs-MacBook-Pro-2.local" name="com.rajhaldar.AcapulcoToFrankfurtValidateRate" tests="1" failures="0" timestamp="20 Sep 2018 02:56:35 GMT" time="26.418" errors="0">
  <testcase name="ValidateRate" time="26.418" classname="com.rajhaldar.AcapulcoToFrankfurtValidateRate"/>
</testsuite> <!-- com.rajhaldar.AcapulcoToFrankfurtValidateRate -->
